[debug] [2021-04-16T20:22:31.744Z] ----------------------------------------------------------------------
[debug] [2021-04-16T20:22:31.746Z] Command:       /usr/local/bin/node /usr/local/bin/firebase serve
[debug] [2021-04-16T20:22:31.747Z] CLI Version:   9.4.0
[debug] [2021-04-16T20:22:31.747Z] Platform:      darwin
[debug] [2021-04-16T20:22:31.747Z] Node Version:  v10.23.3
[debug] [2021-04-16T20:22:31.748Z] Time:          Fri Apr 16 2021 16:22:31 GMT-0400 (Atlantic Standard Time)
[debug] [2021-04-16T20:22:31.748Z] ----------------------------------------------------------------------
[debug] [2021-04-16T20:22:31.748Z] 
[debug] [2021-04-16T20:22:31.757Z] > command requires scopes: ["email","openid","https://www.googleapis.com/auth/cloudplatformprojects.readonly","https://www.googleapis.com/auth/firebase","https://www.googleapis.com/auth/cloud-platform"]
[debug] [2021-04-16T20:22:31.757Z] > authorizing via signed-in user
[debug] [2021-04-16T20:22:31.757Z] [iam] checking project coderehack-dotcom for permissions ["firebase.projects.get"]
[debug] [2021-04-16T20:22:31.760Z] > refreshing access token with scopes: ["email","https://www.googleapis.com/auth/cloud-platform","https://www.googleapis.com/auth/cloudplatformprojects.readonly","https://www.googleapis.com/auth/firebase","openid"]
[debug] [2021-04-16T20:22:31.760Z] >>> HTTP REQUEST POST https://www.googleapis.com/oauth2/v3/token  
 <request body omitted>
[debug] [2021-04-16T20:22:32.157Z] <<< HTTP RESPONSE 200 {"pragma":"no-cache","date":"Fri, 16 Apr 2021 20:22:32 GMT","expires":"Mon, 01 Jan 1990 00:00:00 GMT","cache-control":"no-cache, no-store, max-age=0, must-revalidate","content-type":"application/json; charset=utf-8","vary":"X-Origin, Referer, Origin,Accept-Encoding","server":"scaffolding on HTTPServer2","x-xss-protection":"0","x-frame-options":"SAMEORIGIN","x-content-type-options":"nosniff","alt-svc":"h3-29=\":443\"; ma=2592000,h3-T051=\":443\"; ma=2592000,h3-Q050=\":443\"; ma=2592000,h3-Q046=\":443\"; ma=2592000,h3-Q043=\":443\"; ma=2592000,quic=\":443\"; ma=2592000; v=\"46,43\"","accept-ranges":"none","transfer-encoding":"chunked"}
[debug] [2021-04-16T20:22:32.184Z] >>> HTTP REQUEST POST https://cloudresourcemanager.googleapis.com/v1/projects/coderehack-dotcom:testIamPermissions  
 {"permissions":["firebase.projects.get"]}
[debug] [2021-04-16T20:22:32.519Z] <<< HTTP RESPONSE 200 {"content-type":"application/json; charset=UTF-8","vary":"X-Origin, Referer, Origin,Accept-Encoding","date":"Fri, 16 Apr 2021 20:22:32 GMT","server":"ESF","cache-control":"private","x-xss-protection":"0","x-frame-options":"SAMEORIGIN","x-content-type-options":"nosniff","server-timing":"gfet4t7; dur=27","alt-svc":"h3-29=\":443\"; ma=2592000,h3-T051=\":443\"; ma=2592000,h3-Q050=\":443\"; ma=2592000,h3-Q046=\":443\"; ma=2592000,h3-Q043=\":443\"; ma=2592000,quic=\":443\"; ma=2592000; v=\"46,43\"","accept-ranges":"none","transfer-encoding":"chunked"}
[debug] [2021-04-16T20:22:32.520Z] > refreshing access token with scopes: []
[debug] [2021-04-16T20:22:32.521Z] >>> HTTP REQUEST POST https://www.googleapis.com/oauth2/v3/token  
 <request body omitted>
[debug] [2021-04-16T20:22:32.783Z] <<< HTTP RESPONSE 200 {"cache-control":"no-cache, no-store, max-age=0, must-revalidate","pragma":"no-cache","date":"Fri, 16 Apr 2021 20:22:32 GMT","expires":"Mon, 01 Jan 1990 00:00:00 GMT","content-type":"application/json; charset=utf-8","vary":"X-Origin, Referer, Origin,Accept-Encoding","server":"scaffolding on HTTPServer2","x-xss-protection":"0","x-frame-options":"SAMEORIGIN","x-content-type-options":"nosniff","alt-svc":"h3-29=\":443\"; ma=2592000,h3-T051=\":443\"; ma=2592000,h3-Q050=\":443\"; ma=2592000,h3-Q046=\":443\"; ma=2592000,h3-Q043=\":443\"; ma=2592000,quic=\":443\"; ma=2592000; v=\"46,43\"","accept-ranges":"none","transfer-encoding":"chunked"}
[debug] [2021-04-16T20:22:32.808Z] >>> [apiv2][query] GET https://firebase.googleapis.com/v1beta1/projects/coderehack-dotcom [none]
[debug] [2021-04-16T20:22:33.285Z] <<< [apiv2][status] GET https://firebase.googleapis.com/v1beta1/projects/coderehack-dotcom 200
[debug] [2021-04-16T20:22:33.285Z] <<< [apiv2][body] GET https://firebase.googleapis.com/v1beta1/projects/coderehack-dotcom {"projectId":"coderehack-dotcom","projectNumber":"183140649934","displayName":"codeRehack-dotcom","name":"projects/coderehack-dotcom","resources":{"hostingSite":"coderehack-dotcom"},"state":"ACTIVE"}
[info] 
[info] === Serving from '/Users/dominicevans/Code_Repos/CodeRehack/codeRehack'...
[info] 
[debug] [2021-04-16T20:22:33.288Z] >>> [apiv2][query] GET https://firebase.googleapis.com/v1beta1/projects/coderehack-dotcom/webApps/-/config [none]
[warn] ⚠  Your requested "node" version "12" doesn't match your global version "10" {"metadata":{"emulator":{"name":"functions"},"message":"Your requested \"node\" version \"12\" doesn't match your global version \"10\""}}
[debug] [2021-04-16T20:22:33.299Z] defaultcredentials: writing to file /Users/dominicevans/.config/firebase/coderehack_gmail_com_application_default_credentials.json
[debug] [2021-04-16T20:22:33.300Z] Setting GAC to /Users/dominicevans/.config/firebase/coderehack_gmail_com_application_default_credentials.json {"metadata":{"emulator":{"name":"functions"},"message":"Setting GAC to /Users/dominicevans/.config/firebase/coderehack_gmail_com_application_default_credentials.json"}}
[debug] [2021-04-16T20:22:33.301Z] >>> [apiv2][query] GET https://firebase.googleapis.com/v1beta1/projects/coderehack-dotcom/adminSdkConfig [none]
[debug] [2021-04-16T20:22:33.730Z] <<< [apiv2][status] GET https://firebase.googleapis.com/v1beta1/projects/coderehack-dotcom/adminSdkConfig 200
[debug] [2021-04-16T20:22:33.730Z] <<< [apiv2][body] GET https://firebase.googleapis.com/v1beta1/projects/coderehack-dotcom/adminSdkConfig {"projectId":"coderehack-dotcom","storageBucket":"coderehack-dotcom.appspot.com"}
[debug] [2021-04-16T20:22:34.001Z] <<< [apiv2][status] GET https://firebase.googleapis.com/v1beta1/projects/coderehack-dotcom/webApps/-/config 200
[debug] [2021-04-16T20:22:34.001Z] <<< [apiv2][body] GET https://firebase.googleapis.com/v1beta1/projects/coderehack-dotcom/webApps/-/config {"projectId":"coderehack-dotcom","storageBucket":"coderehack-dotcom.appspot.com","apiKey":"AIzaSyCdB-SIEmiorFW-bwr_h18-fKttRGFLBpY","authDomain":"coderehack-dotcom.firebaseapp.com","messagingSenderId":"183140649934"}
[info] i  functions: Watching "/Users/dominicevans/Code_Repos/CodeRehack/codeRehack/functions" for Cloud Functions... {"metadata":{"emulator":{"name":"functions"},"message":"Watching \"/Users/dominicevans/Code_Repos/CodeRehack/codeRehack/functions\" for Cloud Functions..."}}
[debug] [2021-04-16T20:22:34.038Z] [worker-pool] addWorker(~diagnostic~) {"metadata":{"emulator":{"name":"functions"},"message":"[worker-pool] addWorker(~diagnostic~)"}}
[debug] [2021-04-16T20:22:34.039Z] [worker-pool] Adding worker with key ~diagnostic~, total=1 {"metadata":{"emulator":{"name":"functions"},"message":"[worker-pool] Adding worker with key ~diagnostic~, total=1"}}
[debug] [2021-04-16T20:22:34.039Z] [worker-pool] submitWork(triggerId=) {"metadata":{"emulator":{"name":"functions"},"message":"[worker-pool] submitWork(triggerId=)"}}
[debug] [2021-04-16T20:22:34.039Z] [worker-~diagnostic~-30767bd6-3d1d-458e-87c6-bcb2eb64df6a]: Assigning socketPath: /var/folders/l8/7jlvsry134g3sc005yx1n6n40000gp/T/fire_emu_96914.sock {"metadata":{"emulator":{"name":"functions"},"message":"[worker-~diagnostic~-30767bd6-3d1d-458e-87c6-bcb2eb64df6a]: Assigning socketPath: /var/folders/l8/7jlvsry134g3sc005yx1n6n40000gp/T/fire_emu_96914.sock"}}
[debug] [2021-04-16T20:22:34.040Z] [worker-~diagnostic~-30767bd6-3d1d-458e-87c6-bcb2eb64df6a]: BUSY {"metadata":{"emulator":{"name":"functions"},"message":"[worker-~diagnostic~-30767bd6-3d1d-458e-87c6-bcb2eb64df6a]: BUSY"}}
[info] i  hosting: Serving hosting files from: public {"metadata":{"emulator":{"name":"hosting"},"message":"Serving hosting files from: \u001b[1mpublic\u001b[22m"}}
[info] ✔  hosting: Local server: http://localhost:5000 {"metadata":{"emulator":{"name":"hosting"},"message":"Local server: \u001b[4m\u001b[1mhttp://localhost:5000\u001b[22m\u001b[24m"}}
[debug] [2021-04-16T20:22:34.218Z] [runtime-status] [96914] Functions runtime initialized. {"cwd":"/Users/dominicevans/Code_Repos/CodeRehack/codeRehack/functions","node_version":"10.23.3"} {"metadata":{"emulator":{"name":"functions"},"message":"[runtime-status] [96914] Functions runtime initialized. {\"cwd\":\"/Users/dominicevans/Code_Repos/CodeRehack/codeRehack/functions\",\"node_version\":\"10.23.3\"}"}}
[debug] [2021-04-16T20:22:34.220Z] [runtime-status] [96914] Disabled runtime features: undefined {"metadata":{"emulator":{"name":"functions"},"message":"[runtime-status] [96914] Disabled runtime features: undefined"}}
[debug] [2021-04-16T20:22:34.223Z] [runtime-status] [96914] Resolved module firebase-admin {"declared":true,"installed":true,"version":"9.6.0","resolution":"/Users/dominicevans/Code_Repos/CodeRehack/codeRehack/functions/node_modules/firebase-admin/lib/index.js"} {"metadata":{"emulator":{"name":"functions"},"message":"[runtime-status] [96914] Resolved module firebase-admin {\"declared\":true,\"installed\":true,\"version\":\"9.6.0\",\"resolution\":\"/Users/dominicevans/Code_Repos/CodeRehack/codeRehack/functions/node_modules/firebase-admin/lib/index.js\"}"}}
[debug] [2021-04-16T20:22:34.224Z] [runtime-status] [96914] Resolved module firebase-functions {"declared":true,"installed":true,"version":"3.13.2","resolution":"/Users/dominicevans/Code_Repos/CodeRehack/codeRehack/functions/node_modules/firebase-functions/lib/index.js"} {"metadata":{"emulator":{"name":"functions"},"message":"[runtime-status] [96914] Resolved module firebase-functions {\"declared\":true,\"installed\":true,\"version\":\"3.13.2\",\"resolution\":\"/Users/dominicevans/Code_Repos/CodeRehack/codeRehack/functions/node_modules/firebase-functions/lib/index.js\"}"}}
[debug] [2021-04-16T20:22:34.224Z] [runtime-status] [96914] Resolved module firebase-functions {"declared":true,"installed":true,"version":"3.13.2","resolution":"/Users/dominicevans/Code_Repos/CodeRehack/codeRehack/functions/node_modules/firebase-functions/lib/index.js"} {"metadata":{"emulator":{"name":"functions"},"message":"[runtime-status] [96914] Resolved module firebase-functions {\"declared\":true,\"installed\":true,\"version\":\"3.13.2\",\"resolution\":\"/Users/dominicevans/Code_Repos/CodeRehack/codeRehack/functions/node_modules/firebase-functions/lib/index.js\"}"}}
[debug] [2021-04-16T20:22:34.228Z] [runtime-status] [96914] Outgoing network have been stubbed. [{"name":"http","status":"mocked"},{"name":"http","status":"mocked"},{"name":"https","status":"mocked"},{"name":"https","status":"mocked"},{"name":"net","status":"mocked"}] {"metadata":{"emulator":{"name":"functions"},"message":"[runtime-status] [96914] Outgoing network have been stubbed. [{\"name\":\"http\",\"status\":\"mocked\"},{\"name\":\"http\",\"status\":\"mocked\"},{\"name\":\"https\",\"status\":\"mocked\"},{\"name\":\"https\",\"status\":\"mocked\"},{\"name\":\"net\",\"status\":\"mocked\"}]"}}
[debug] [2021-04-16T20:22:34.228Z] [runtime-status] [96914] Resolved module firebase-functions {"declared":true,"installed":true,"version":"3.13.2","resolution":"/Users/dominicevans/Code_Repos/CodeRehack/codeRehack/functions/node_modules/firebase-functions/lib/index.js"} {"metadata":{"emulator":{"name":"functions"},"message":"[runtime-status] [96914] Resolved module firebase-functions {\"declared\":true,\"installed\":true,\"version\":\"3.13.2\",\"resolution\":\"/Users/dominicevans/Code_Repos/CodeRehack/codeRehack/functions/node_modules/firebase-functions/lib/index.js\"}"}}
[debug] [2021-04-16T20:22:34.264Z] [runtime-status] [96914] Checked functions.config() {"config":{}} {"metadata":{"emulator":{"name":"functions"},"message":"[runtime-status] [96914] Checked functions.config() {\"config\":{}}"}}
[debug] [2021-04-16T20:22:34.264Z] [runtime-status] [96914] firebase-functions has been stubbed. {"functionsResolution":{"declared":true,"installed":true,"version":"3.13.2","resolution":"/Users/dominicevans/Code_Repos/CodeRehack/codeRehack/functions/node_modules/firebase-functions/lib/index.js"}} {"metadata":{"emulator":{"name":"functions"},"message":"[runtime-status] [96914] firebase-functions has been stubbed. {\"functionsResolution\":{\"declared\":true,\"installed\":true,\"version\":\"3.13.2\",\"resolution\":\"/Users/dominicevans/Code_Repos/CodeRehack/codeRehack/functions/node_modules/firebase-functions/lib/index.js\"}}"}}
[debug] [2021-04-16T20:22:34.264Z] [runtime-status] [96914] Resolved module firebase-functions {"declared":true,"installed":true,"version":"3.13.2","resolution":"/Users/dominicevans/Code_Repos/CodeRehack/codeRehack/functions/node_modules/firebase-functions/lib/index.js"} {"metadata":{"emulator":{"name":"functions"},"message":"[runtime-status] [96914] Resolved module firebase-functions {\"declared\":true,\"installed\":true,\"version\":\"3.13.2\",\"resolution\":\"/Users/dominicevans/Code_Repos/CodeRehack/codeRehack/functions/node_modules/firebase-functions/lib/index.js\"}"}}
[debug] [2021-04-16T20:22:34.265Z] [runtime-status] [96914] Resolved module firebase-admin {"declared":true,"installed":true,"version":"9.6.0","resolution":"/Users/dominicevans/Code_Repos/CodeRehack/codeRehack/functions/node_modules/firebase-admin/lib/index.js"} {"metadata":{"emulator":{"name":"functions"},"message":"[runtime-status] [96914] Resolved module firebase-admin {\"declared\":true,\"installed\":true,\"version\":\"9.6.0\",\"resolution\":\"/Users/dominicevans/Code_Repos/CodeRehack/codeRehack/functions/node_modules/firebase-admin/lib/index.js\"}"}}
[debug] [2021-04-16T20:22:34.265Z] [runtime-status] [96914] Resolved module firebase-functions {"declared":true,"installed":true,"version":"3.13.2","resolution":"/Users/dominicevans/Code_Repos/CodeRehack/codeRehack/functions/node_modules/firebase-functions/lib/index.js"} {"metadata":{"emulator":{"name":"functions"},"message":"[runtime-status] [96914] Resolved module firebase-functions {\"declared\":true,\"installed\":true,\"version\":\"3.13.2\",\"resolution\":\"/Users/dominicevans/Code_Repos/CodeRehack/codeRehack/functions/node_modules/firebase-functions/lib/index.js\"}"}}
[debug] [2021-04-16T20:22:34.265Z] [runtime-status] [96914] firebase-admin has been stubbed. {"adminResolution":{"declared":true,"installed":true,"version":"9.6.0","resolution":"/Users/dominicevans/Code_Repos/CodeRehack/codeRehack/functions/node_modules/firebase-admin/lib/index.js"}} {"metadata":{"emulator":{"name":"functions"},"message":"[runtime-status] [96914] firebase-admin has been stubbed. {\"adminResolution\":{\"declared\":true,\"installed\":true,\"version\":\"9.6.0\",\"resolution\":\"/Users/dominicevans/Code_Repos/CodeRehack/codeRehack/functions/node_modules/firebase-admin/lib/index.js\"}}"}}
[info] ✔  functions[contactUs]: http function initialized (http://localhost:5001/coderehack-dotcom/us-central1/contactUs). {"metadata":{"emulator":{"name":"functions"},"message":"\u001b[1mhttp\u001b[22m function initialized (http://localhost:5001/coderehack-dotcom/us-central1/contactUs)."}}
[debug] [2021-04-16T20:22:34.711Z] [worker-~diagnostic~-30767bd6-3d1d-458e-87c6-bcb2eb64df6a]: IDLE {"metadata":{"emulator":{"name":"functions"},"message":"[worker-~diagnostic~-30767bd6-3d1d-458e-87c6-bcb2eb64df6a]: IDLE"}}
[debug] [2021-04-16T20:22:36.210Z] [work-queue] {"queueLength":1,"workRunningCount":0}
[debug] [2021-04-16T20:22:36.210Z] [work-queue] {"queueLength":0,"workRunningCount":1}
[debug] [2021-04-16T20:22:36.211Z] Accepted request GET /coderehack-dotcom/us-central1/contactUs/contact_codeRehack --> contactUs
[debug] [2021-04-16T20:22:36.215Z] [worker-pool] addWorker(contactUs) {"metadata":{"emulator":{"name":"functions"},"message":"[worker-pool] addWorker(contactUs)"}}
[debug] [2021-04-16T20:22:36.215Z] [worker-pool] Adding worker with key contactUs, total=1 {"metadata":{"emulator":{"name":"functions"},"message":"[worker-pool] Adding worker with key contactUs, total=1"}}
[debug] [2021-04-16T20:22:36.215Z] [worker-pool] submitWork(triggerId=contactUs) {"metadata":{"emulator":{"name":"functions"},"message":"[worker-pool] submitWork(triggerId=contactUs)"}}
[debug] [2021-04-16T20:22:36.216Z] [worker-contactUs-182121fb-a6c9-41e1-9cb8-ad35e10cfb98]: Assigning socketPath: /var/folders/l8/7jlvsry134g3sc005yx1n6n40000gp/T/fire_emu_96915.sock {"metadata":{"emulator":{"name":"functions"},"message":"[worker-contactUs-182121fb-a6c9-41e1-9cb8-ad35e10cfb98]: Assigning socketPath: /var/folders/l8/7jlvsry134g3sc005yx1n6n40000gp/T/fire_emu_96915.sock"}}
[debug] [2021-04-16T20:22:36.216Z] [worker-contactUs-182121fb-a6c9-41e1-9cb8-ad35e10cfb98]: BUSY {"metadata":{"emulator":{"name":"functions"},"message":"[worker-contactUs-182121fb-a6c9-41e1-9cb8-ad35e10cfb98]: BUSY"}}
[debug] [2021-04-16T20:22:36.400Z] [runtime-status] [96915] Functions runtime initialized. {"cwd":"/Users/dominicevans/Code_Repos/CodeRehack/codeRehack/functions","node_version":"10.23.3"} {"metadata":{"emulator":{"name":"functions"},"function":{"name":"contactUs"},"message":"[runtime-status] [96915] Functions runtime initialized. {\"cwd\":\"/Users/dominicevans/Code_Repos/CodeRehack/codeRehack/functions\",\"node_version\":\"10.23.3\"}"}}
[debug] [2021-04-16T20:22:36.403Z] [runtime-status] [96915] Disabled runtime features: undefined {"metadata":{"emulator":{"name":"functions"},"function":{"name":"contactUs"},"message":"[runtime-status] [96915] Disabled runtime features: undefined"}}
[debug] [2021-04-16T20:22:36.408Z] [runtime-status] [96915] Resolved module firebase-admin {"declared":true,"installed":true,"version":"9.6.0","resolution":"/Users/dominicevans/Code_Repos/CodeRehack/codeRehack/functions/node_modules/firebase-admin/lib/index.js"} {"metadata":{"emulator":{"name":"functions"},"function":{"name":"contactUs"},"message":"[runtime-status] [96915] Resolved module firebase-admin {\"declared\":true,\"installed\":true,\"version\":\"9.6.0\",\"resolution\":\"/Users/dominicevans/Code_Repos/CodeRehack/codeRehack/functions/node_modules/firebase-admin/lib/index.js\"}"}}
[debug] [2021-04-16T20:22:36.409Z] [runtime-status] [96915] Resolved module firebase-functions {"declared":true,"installed":true,"version":"3.13.2","resolution":"/Users/dominicevans/Code_Repos/CodeRehack/codeRehack/functions/node_modules/firebase-functions/lib/index.js"} {"metadata":{"emulator":{"name":"functions"},"function":{"name":"contactUs"},"message":"[runtime-status] [96915] Resolved module firebase-functions {\"declared\":true,\"installed\":true,\"version\":\"3.13.2\",\"resolution\":\"/Users/dominicevans/Code_Repos/CodeRehack/codeRehack/functions/node_modules/firebase-functions/lib/index.js\"}"}}
[debug] [2021-04-16T20:22:36.410Z] [runtime-status] [96915] Resolved module firebase-functions {"declared":true,"installed":true,"version":"3.13.2","resolution":"/Users/dominicevans/Code_Repos/CodeRehack/codeRehack/functions/node_modules/firebase-functions/lib/index.js"} {"metadata":{"emulator":{"name":"functions"},"function":{"name":"contactUs"},"message":"[runtime-status] [96915] Resolved module firebase-functions {\"declared\":true,\"installed\":true,\"version\":\"3.13.2\",\"resolution\":\"/Users/dominicevans/Code_Repos/CodeRehack/codeRehack/functions/node_modules/firebase-functions/lib/index.js\"}"}}
[debug] [2021-04-16T20:22:36.413Z] [runtime-status] [96915] Outgoing network have been stubbed. [{"name":"http","status":"mocked"},{"name":"http","status":"mocked"},{"name":"https","status":"mocked"},{"name":"https","status":"mocked"},{"name":"net","status":"mocked"}] {"metadata":{"emulator":{"name":"functions"},"function":{"name":"contactUs"},"message":"[runtime-status] [96915] Outgoing network have been stubbed. [{\"name\":\"http\",\"status\":\"mocked\"},{\"name\":\"http\",\"status\":\"mocked\"},{\"name\":\"https\",\"status\":\"mocked\"},{\"name\":\"https\",\"status\":\"mocked\"},{\"name\":\"net\",\"status\":\"mocked\"}]"}}
[debug] [2021-04-16T20:22:36.414Z] [runtime-status] [96915] Resolved module firebase-functions {"declared":true,"installed":true,"version":"3.13.2","resolution":"/Users/dominicevans/Code_Repos/CodeRehack/codeRehack/functions/node_modules/firebase-functions/lib/index.js"} {"metadata":{"emulator":{"name":"functions"},"function":{"name":"contactUs"},"message":"[runtime-status] [96915] Resolved module firebase-functions {\"declared\":true,\"installed\":true,\"version\":\"3.13.2\",\"resolution\":\"/Users/dominicevans/Code_Repos/CodeRehack/codeRehack/functions/node_modules/firebase-functions/lib/index.js\"}"}}
[debug] [2021-04-16T20:22:36.451Z] [runtime-status] [96915] Checked functions.config() {"config":{}} {"metadata":{"emulator":{"name":"functions"},"function":{"name":"contactUs"},"message":"[runtime-status] [96915] Checked functions.config() {\"config\":{}}"}}
[debug] [2021-04-16T20:22:36.451Z] [runtime-status] [96915] firebase-functions has been stubbed. {"functionsResolution":{"declared":true,"installed":true,"version":"3.13.2","resolution":"/Users/dominicevans/Code_Repos/CodeRehack/codeRehack/functions/node_modules/firebase-functions/lib/index.js"}} {"metadata":{"emulator":{"name":"functions"},"function":{"name":"contactUs"},"message":"[runtime-status] [96915] firebase-functions has been stubbed. {\"functionsResolution\":{\"declared\":true,\"installed\":true,\"version\":\"3.13.2\",\"resolution\":\"/Users/dominicevans/Code_Repos/CodeRehack/codeRehack/functions/node_modules/firebase-functions/lib/index.js\"}}"}}
[debug] [2021-04-16T20:22:36.451Z] [runtime-status] [96915] Resolved module firebase-functions {"declared":true,"installed":true,"version":"3.13.2","resolution":"/Users/dominicevans/Code_Repos/CodeRehack/codeRehack/functions/node_modules/firebase-functions/lib/index.js"} {"metadata":{"emulator":{"name":"functions"},"function":{"name":"contactUs"},"message":"[runtime-status] [96915] Resolved module firebase-functions {\"declared\":true,\"installed\":true,\"version\":\"3.13.2\",\"resolution\":\"/Users/dominicevans/Code_Repos/CodeRehack/codeRehack/functions/node_modules/firebase-functions/lib/index.js\"}"}}
[debug] [2021-04-16T20:22:36.452Z] [runtime-status] [96915] Resolved module firebase-admin {"declared":true,"installed":true,"version":"9.6.0","resolution":"/Users/dominicevans/Code_Repos/CodeRehack/codeRehack/functions/node_modules/firebase-admin/lib/index.js"} {"metadata":{"emulator":{"name":"functions"},"function":{"name":"contactUs"},"message":"[runtime-status] [96915] Resolved module firebase-admin {\"declared\":true,\"installed\":true,\"version\":\"9.6.0\",\"resolution\":\"/Users/dominicevans/Code_Repos/CodeRehack/codeRehack/functions/node_modules/firebase-admin/lib/index.js\"}"}}
[debug] [2021-04-16T20:22:36.452Z] [runtime-status] [96915] Resolved module firebase-functions {"declared":true,"installed":true,"version":"3.13.2","resolution":"/Users/dominicevans/Code_Repos/CodeRehack/codeRehack/functions/node_modules/firebase-functions/lib/index.js"} {"metadata":{"emulator":{"name":"functions"},"function":{"name":"contactUs"},"message":"[runtime-status] [96915] Resolved module firebase-functions {\"declared\":true,\"installed\":true,\"version\":\"3.13.2\",\"resolution\":\"/Users/dominicevans/Code_Repos/CodeRehack/codeRehack/functions/node_modules/firebase-functions/lib/index.js\"}"}}
[debug] [2021-04-16T20:22:36.453Z] [runtime-status] [96915] firebase-admin has been stubbed. {"adminResolution":{"declared":true,"installed":true,"version":"9.6.0","resolution":"/Users/dominicevans/Code_Repos/CodeRehack/codeRehack/functions/node_modules/firebase-admin/lib/index.js"}} {"metadata":{"emulator":{"name":"functions"},"function":{"name":"contactUs"},"message":"[runtime-status] [96915] firebase-admin has been stubbed. {\"adminResolution\":{\"declared\":true,\"installed\":true,\"version\":\"9.6.0\",\"resolution\":\"/Users/dominicevans/Code_Repos/CodeRehack/codeRehack/functions/node_modules/firebase-admin/lib/index.js\"}}"}}
[debug] [2021-04-16T20:22:36.952Z] [runtime-status] [96915] Trigger "contactUs" has been found, beginning invocation! {"metadata":{"emulator":{"name":"functions"},"function":{"name":"contactUs"},"message":"[runtime-status] [96915] Trigger \"contactUs\" has been found, beginning invocation!"}}
[info] i  functions: Beginning execution of "contactUs" {"metadata":{"emulator":{"name":"functions"},"function":{"name":"contactUs"},"message":"Beginning execution of \"contactUs\""}}
[debug] [2021-04-16T20:22:36.952Z] [runtime-status] [96915] triggerDefinition {"httpsTrigger":{},"name":"contactUs","entryPoint":"contactUs"} {"metadata":{"emulator":{"name":"functions"},"function":{"name":"contactUs"},"message":"[runtime-status] [96915] triggerDefinition {\"httpsTrigger\":{},\"name\":\"contactUs\",\"entryPoint\":\"contactUs\"}"}}
[debug] [2021-04-16T20:22:36.952Z] [runtime-status] [96915] Running contactUs in mode HTTPS {"metadata":{"emulator":{"name":"functions"},"function":{"name":"contactUs"},"message":"[runtime-status] [96915] Running contactUs in mode HTTPS"}}
[debug] [2021-04-16T20:22:36.957Z] [runtime-status] [96915] Attempting to listen to socketPath: /var/folders/l8/7jlvsry134g3sc005yx1n6n40000gp/T/fire_emu_96915.sock {"metadata":{"emulator":{"name":"functions"},"function":{"name":"contactUs"},"message":"[runtime-status] [96915] Attempting to listen to socketPath: /var/folders/l8/7jlvsry134g3sc005yx1n6n40000gp/T/fire_emu_96915.sock"}}
[debug] [2021-04-16T20:22:36.962Z] [functions] Runtime ready! Sending request! {"metadata":{"emulator":{"name":"functions"},"message":"[functions] Runtime ready! Sending request!"}}
[debug] [2021-04-16T20:22:36.964Z] [functions] Got req.url=/coderehack-dotcom/us-central1/contactUs/contact_codeRehack, mapping to path=/contact_codeRehack {"metadata":{"emulator":{"name":"functions"},"message":"[functions] Got req.url=/coderehack-dotcom/us-central1/contactUs/contact_codeRehack, mapping to path=/contact_codeRehack"}}
[debug] [2021-04-16T20:22:36.972Z] [runtime-status] [96915] Ephemeral server handling GET request {"metadata":{"emulator":{"name":"functions"},"function":{"name":"contactUs"},"message":"[runtime-status] [96915] Ephemeral server handling GET request"}}
[debug] [2021-04-16T20:22:36.976Z] [runtime-status] [96915] Ephemeral server survived. {"metadata":{"emulator":{"name":"functions"},"function":{"name":"contactUs"},"message":"[runtime-status] [96915] Ephemeral server survived."}}
[info] i  functions: Finished "contactUs" in ~1s {"metadata":{"emulator":{"name":"functions"},"function":{"name":"contactUs"},"message":"Finished \"contactUs\" in ~1s"}}
[debug] [2021-04-16T20:22:38.547Z] [worker-contactUs-182121fb-a6c9-41e1-9cb8-ad35e10cfb98]: IDLE {"metadata":{"emulator":{"name":"functions"},"message":"[worker-contactUs-182121fb-a6c9-41e1-9cb8-ad35e10cfb98]: IDLE"}}
[debug] [2021-04-16T20:22:38.547Z] [work-queue] {"queueLength":0,"workRunningCount":0}
